<?xml version="1.0" encoding="UTF-8"?>
<testsuite xmlns:xsi="http://www.w3.org/2001/XMLSchema-instance" xsi:noNamespaceSchemaLocation="https://maven.apache.org/surefire/maven-surefire-plugin/xsd/surefire-test-report.xsd" name="com.taotie.wechatpro.WechatproApplicationTests" time="4.219" tests="3" errors="0" skipped="0" failures="0">
  <properties>
[...]
</properties>
  <testcase name="test1" classname="com.taotie.wechatpro.WechatproApplicationTests" time="0.137"/>
  <testcase name="test2" classname="com.taotie.wechatpro.WechatproApplicationTests" time="0.001"/>
  <testcase name="contextLoads" classname="com.taotie.wechatpro.WechatproApplicationTests" time="0.486"/>
</testsuite>